2025-02-27T00:06:36.372+05:30  INFO 25192 --- [projects] [restartedMain] com.cts.projects.ProjectsApplication     : Starting ProjectsApplication using Java 21.0.5 with PID 25192 (C:\Project\Chronotimer\projects\target\classes started by 2380232 in C:\Project\Chronotimer\projects)
2025-02-27T00:06:36.380+05:30  INFO 25192 --- [projects] [restartedMain] com.cts.projects.ProjectsApplication     : No active profile set, falling back to 1 default profile: "default"
2025-02-27T00:06:36.458+05:30  INFO 25192 --- [projects] [restartedMain] o.s.c.c.c.ConfigServerConfigDataLoader   : Fetching config from server at : http://localhost:1233
2025-02-27T00:06:36.459+05:30  INFO 25192 --- [projects] [restartedMain] o.s.c.c.c.ConfigServerConfigDataLoader   : Located environment: name=projects, profiles=[default], label=null, version=7558ee984a19dae9f2cc2a40fa20c4fa3e936e0f, state=
2025-02-27T00:06:36.465+05:30  INFO 25192 --- [projects] [restartedMain] .e.DevToolsPropertyDefaultsPostProcessor : Devtools property defaults active! Set 'spring.devtools.add-properties' to 'false' to disable
2025-02-27T00:06:36.466+05:30  INFO 25192 --- [projects] [restartedMain] .e.DevToolsPropertyDefaultsPostProcessor : For additional web related logging consider setting the 'logging.level.web' property to 'DEBUG'
2025-02-27T00:06:37.717+05:30  INFO 25192 --- [projects] [restartedMain] .s.d.r.c.RepositoryConfigurationDelegate : Bootstrapping Spring Data JPA repositories in DEFAULT mode.
2025-02-27T00:06:37.877+05:30  INFO 25192 --- [projects] [restartedMain] .s.d.r.c.RepositoryConfigurationDelegate : Finished Spring Data repository scanning in 147 ms. Found 1 JPA repository interface.
2025-02-27T00:06:38.202+05:30  INFO 25192 --- [projects] [restartedMain] o.s.cloud.context.scope.GenericScope     : BeanFactory id=288eb64c-f35b-3cb6-a450-c1f6c4009411
2025-02-27T00:06:39.086+05:30  INFO 25192 --- [projects] [restartedMain] o.s.b.w.embedded.tomcat.TomcatWebServer  : Tomcat initialized with port 8087 (http)
2025-02-27T00:06:39.103+05:30  INFO 25192 --- [projects] [restartedMain] o.apache.catalina.core.StandardService   : Starting service [Tomcat]
2025-02-27T00:06:39.103+05:30  INFO 25192 --- [projects] [restartedMain] o.apache.catalina.core.StandardEngine    : Starting Servlet engine: [Apache Tomcat/10.1.34]
2025-02-27T00:06:39.191+05:30  INFO 25192 --- [projects] [restartedMain] o.a.c.c.C.[Tomcat].[localhost].[/]       : Initializing Spring embedded WebApplicationContext
2025-02-27T00:06:39.192+05:30  INFO 25192 --- [projects] [restartedMain] w.s.c.ServletWebServerApplicationContext : Root WebApplicationContext: initialization completed in 2724 ms
2025-02-27T00:06:39.418+05:30  INFO 25192 --- [projects] [restartedMain] o.hibernate.jpa.internal.util.LogHelper  : HHH000204: Processing PersistenceUnitInfo [name: default]
2025-02-27T00:06:39.514+05:30  INFO 25192 --- [projects] [restartedMain] org.hibernate.Version                    : HHH000412: Hibernate ORM core version 6.6.5.Final
2025-02-27T00:06:39.560+05:30  INFO 25192 --- [projects] [restartedMain] o.h.c.internal.RegionFactoryInitiator    : HHH000026: Second-level cache disabled
2025-02-27T00:06:39.966+05:30  INFO 25192 --- [projects] [restartedMain] o.s.o.j.p.SpringPersistenceUnitInfo      : No LoadTimeWeaver setup: ignoring JPA class transformer
2025-02-27T00:06:40.009+05:30  INFO 25192 --- [projects] [restartedMain] com.zaxxer.hikari.HikariDataSource       : HikariPool-1 - Starting...
2025-02-27T00:06:40.387+05:30  INFO 25192 --- [projects] [restartedMain] com.zaxxer.hikari.pool.HikariPool        : HikariPool-1 - Added connection com.mysql.cj.jdbc.ConnectionImpl@633c71fa
2025-02-27T00:06:40.389+05:30  INFO 25192 --- [projects] [restartedMain] com.zaxxer.hikari.HikariDataSource       : HikariPool-1 - Start completed.
2025-02-27T00:06:40.527+05:30  INFO 25192 --- [projects] [restartedMain] org.hibernate.orm.connections.pooling    : HHH10001005: Database info:
	Database JDBC URL [Connecting through datasource 'HikariDataSource (HikariPool-1)']
	Database driver: undefined/unknown
	Database version: 8.0.40
	Autocommit mode: undefined/unknown
	Isolation level: undefined/unknown
	Minimum pool size: undefined/unknown
	Maximum pool size: undefined/unknown
2025-02-27T00:06:41.806+05:30  INFO 25192 --- [projects] [restartedMain] o.h.e.t.j.p.i.JtaPlatformInitiator       : HHH000489: No JTA platform available (set 'hibernate.transaction.jta.platform' to enable JTA platform integration)
2025-02-27T00:06:41.887+05:30  INFO 25192 --- [projects] [restartedMain] j.LocalContainerEntityManagerFactoryBean : Initialized JPA EntityManagerFactory for persistence unit 'default'
2025-02-27T00:06:42.469+05:30  WARN 25192 --- [projects] [restartedMain] JpaBaseConfiguration$JpaWebConfiguration : spring.jpa.open-in-view is enabled by default. Therefore, database queries may be performed during view rendering. Explicitly configure spring.jpa.open-in-view to disable this warning
2025-02-27T00:06:43.730+05:30  WARN 25192 --- [projects] [restartedMain] o.s.b.d.a.OptionalLiveReloadServer       : Unable to start LiveReload server
2025-02-27T00:06:43.877+05:30  INFO 25192 --- [projects] [restartedMain] DiscoveryClientOptionalArgsConfiguration : Eureka HTTP Client uses RestTemplate.
2025-02-27T00:06:44.030+05:30  WARN 25192 --- [projects] [restartedMain] iguration$LoadBalancerCaffeineWarnLogger : Spring Cloud LoadBalancer is currently working with the default cache. While this cache implementation is useful for development and tests, it's recommended to use Caffeine cache in production.You can switch to using Caffeine cache, by adding it and org.springframework.cache.caffeine.CaffeineCacheManager to the classpath.
2025-02-27T00:06:44.238+05:30  INFO 25192 --- [projects] [restartedMain] o.s.c.n.eureka.InstanceInfoFactory       : Setting initial instance status as: STARTING
2025-02-27T00:06:44.286+05:30  INFO 25192 --- [projects] [restartedMain] com.netflix.discovery.DiscoveryClient    : Initializing Eureka in region us-east-1
2025-02-27T00:06:44.294+05:30  INFO 25192 --- [projects] [restartedMain] c.n.d.s.r.aws.ConfigClusterResolver      : Resolving eureka endpoints via configuration
2025-02-27T00:06:44.311+05:30  INFO 25192 --- [projects] [restartedMain] com.netflix.discovery.DiscoveryClient    : Disable delta property : false
2025-02-27T00:06:44.312+05:30  INFO 25192 --- [projects] [restartedMain] com.netflix.discovery.DiscoveryClient    : Single vip registry refresh property : null
2025-02-27T00:06:44.312+05:30  INFO 25192 --- [projects] [restartedMain] com.netflix.discovery.DiscoveryClient    : Force full registry fetch : false
2025-02-27T00:06:44.312+05:30  INFO 25192 --- [projects] [restartedMain] com.netflix.discovery.DiscoveryClient    : Application is null : false
2025-02-27T00:06:44.312+05:30  INFO 25192 --- [projects] [restartedMain] com.netflix.discovery.DiscoveryClient    : Registered Applications size is zero : true
2025-02-27T00:06:44.312+05:30  INFO 25192 --- [projects] [restartedMain] com.netflix.discovery.DiscoveryClient    : Application version is -1: true
2025-02-27T00:06:44.313+05:30  INFO 25192 --- [projects] [restartedMain] com.netflix.discovery.DiscoveryClient    : Getting all instance registry info from the eureka server
2025-02-27T00:06:44.710+05:30  INFO 25192 --- [projects] [restartedMain] com.netflix.discovery.DiscoveryClient    : The response status is 200
2025-02-27T00:06:44.713+05:30  INFO 25192 --- [projects] [restartedMain] com.netflix.discovery.DiscoveryClient    : Starting heartbeat executor: renew interval is: 30
2025-02-27T00:06:44.716+05:30  INFO 25192 --- [projects] [restartedMain] c.n.discovery.InstanceInfoReplicator     : InstanceInfoReplicator onDemand update allowed rate per min is 4
2025-02-27T00:06:44.718+05:30  INFO 25192 --- [projects] [restartedMain] com.netflix.discovery.DiscoveryClient    : Discovery Client initialized at timestamp 1740595004718 with initial instances count: 1
2025-02-27T00:06:44.725+05:30  INFO 25192 --- [projects] [restartedMain] o.s.c.n.e.s.EurekaServiceRegistry        : Registering application PROJECTS with eureka with status UP
2025-02-27T00:06:44.727+05:30  INFO 25192 --- [projects] [restartedMain] com.netflix.discovery.DiscoveryClient    : Saw local status change event StatusChangeEvent [timestamp=1740595004727, current=UP, previous=STARTING]
2025-02-27T00:06:44.730+05:30  INFO 25192 --- [projects] [DiscoveryClient-InstanceInfoReplicator-%d] com.netflix.discovery.DiscoveryClient    : DiscoveryClient_PROJECTS/LTIN564398.cts.com:projects:8087: registering service...
2025-02-27T00:06:44.762+05:30  INFO 25192 --- [projects] [restartedMain] o.s.b.w.embedded.tomcat.TomcatWebServer  : Tomcat started on port 8087 (http) with context path '/'
2025-02-27T00:06:44.763+05:30  INFO 25192 --- [projects] [restartedMain] .s.c.n.e.s.EurekaAutoServiceRegistration : Updating port to 8087
2025-02-27T00:06:44.780+05:30  INFO 25192 --- [projects] [restartedMain] com.cts.projects.ProjectsApplication     : Started ProjectsApplication in 10.337 seconds (process running for 11.264)
2025-02-27T00:06:44.798+05:30  INFO 25192 --- [projects] [DiscoveryClient-InstanceInfoReplicator-%d] com.netflix.discovery.DiscoveryClient    : DiscoveryClient_PROJECTS/LTIN564398.cts.com:projects:8087 - registration status: 204
2025-02-27T00:13:52.597+05:30  WARN 25192 --- [projects] [HikariPool-1 housekeeper] com.zaxxer.hikari.pool.HikariPool        : HikariPool-1 - Thread starvation or clock leap detected (housekeeper delta=4m12s25ms507µs300ns).
2025-02-27T00:15:26.333+05:30  INFO 25192 --- [projects] [AsyncResolver-bootstrap-executor-%d] c.n.d.s.r.aws.ConfigClusterResolver      : Resolving eureka endpoints via configuration
2025-02-27T00:20:26.338+05:30  INFO 25192 --- [projects] [AsyncResolver-bootstrap-executor-%d] c.n.d.s.r.aws.ConfigClusterResolver      : Resolving eureka endpoints via configuration
