2025-02-27T00:06:55.001+05:30  INFO 26680 --- [teams] [restartedMain] com.cts.teams.TeamsApplication           : Starting TeamsApplication using Java 21.0.5 with PID 26680 (C:\Project\Chronotimer\teams\target\classes started by 2380232 in C:\Project\Chronotimer\teams)
2025-02-27T00:06:55.014+05:30  INFO 26680 --- [teams] [restartedMain] com.cts.teams.TeamsApplication           : No active profile set, falling back to 1 default profile: "default"
2025-02-27T00:06:55.131+05:30  INFO 26680 --- [teams] [restartedMain] o.s.c.c.c.ConfigServerConfigDataLoader   : Fetching config from server at : http://localhost:1233
2025-02-27T00:06:55.131+05:30  INFO 26680 --- [teams] [restartedMain] o.s.c.c.c.ConfigServerConfigDataLoader   : Located environment: name=teams, profiles=[default], label=null, version=7558ee984a19dae9f2cc2a40fa20c4fa3e936e0f, state=
2025-02-27T00:06:55.138+05:30  INFO 26680 --- [teams] [restartedMain] .e.DevToolsPropertyDefaultsPostProcessor : Devtools property defaults active! Set 'spring.devtools.add-properties' to 'false' to disable
2025-02-27T00:06:55.139+05:30  INFO 26680 --- [teams] [restartedMain] .e.DevToolsPropertyDefaultsPostProcessor : For additional web related logging consider setting the 'logging.level.web' property to 'DEBUG'
2025-02-27T00:06:58.243+05:30  INFO 26680 --- [teams] [restartedMain] .s.d.r.c.RepositoryConfigurationDelegate : Bootstrapping Spring Data JPA repositories in DEFAULT mode.
2025-02-27T00:06:58.635+05:30  INFO 26680 --- [teams] [restartedMain] .s.d.r.c.RepositoryConfigurationDelegate : Finished Spring Data repository scanning in 369 ms. Found 1 JPA repository interface.
2025-02-27T00:06:59.162+05:30  INFO 26680 --- [teams] [restartedMain] o.s.cloud.context.scope.GenericScope     : BeanFactory id=0d15950c-37f6-35fc-a3a9-00d6faa5adb6
2025-02-27T00:07:00.624+05:30  INFO 26680 --- [teams] [restartedMain] o.s.b.w.embedded.tomcat.TomcatWebServer  : Tomcat initialized with port 8086 (http)
2025-02-27T00:07:00.650+05:30  INFO 26680 --- [teams] [restartedMain] o.apache.catalina.core.StandardService   : Starting service [Tomcat]
2025-02-27T00:07:00.651+05:30  INFO 26680 --- [teams] [restartedMain] o.apache.catalina.core.StandardEngine    : Starting Servlet engine: [Apache Tomcat/10.1.34]
2025-02-27T00:07:00.828+05:30  INFO 26680 --- [teams] [restartedMain] o.a.c.c.C.[Tomcat].[localhost].[/]       : Initializing Spring embedded WebApplicationContext
2025-02-27T00:07:00.829+05:30  INFO 26680 --- [teams] [restartedMain] w.s.c.ServletWebServerApplicationContext : Root WebApplicationContext: initialization completed in 5689 ms
2025-02-27T00:07:01.471+05:30  INFO 26680 --- [teams] [restartedMain] o.hibernate.jpa.internal.util.LogHelper  : HHH000204: Processing PersistenceUnitInfo [name: default]
2025-02-27T00:07:01.578+05:30  INFO 26680 --- [teams] [restartedMain] org.hibernate.Version                    : HHH000412: Hibernate ORM core version 6.6.5.Final
2025-02-27T00:07:01.641+05:30  INFO 26680 --- [teams] [restartedMain] o.h.c.internal.RegionFactoryInitiator    : HHH000026: Second-level cache disabled
2025-02-27T00:07:02.269+05:30  INFO 26680 --- [teams] [restartedMain] o.s.o.j.p.SpringPersistenceUnitInfo      : No LoadTimeWeaver setup: ignoring JPA class transformer
2025-02-27T00:07:02.346+05:30  INFO 26680 --- [teams] [restartedMain] com.zaxxer.hikari.HikariDataSource       : HikariPool-1 - Starting...
2025-02-27T00:07:03.184+05:30  INFO 26680 --- [teams] [restartedMain] com.zaxxer.hikari.pool.HikariPool        : HikariPool-1 - Added connection com.mysql.cj.jdbc.ConnectionImpl@3aee667f
2025-02-27T00:07:03.187+05:30  INFO 26680 --- [teams] [restartedMain] com.zaxxer.hikari.HikariDataSource       : HikariPool-1 - Start completed.
2025-02-27T00:07:03.402+05:30  INFO 26680 --- [teams] [restartedMain] org.hibernate.orm.connections.pooling    : HHH10001005: Database info:
	Database JDBC URL [Connecting through datasource 'HikariDataSource (HikariPool-1)']
	Database driver: undefined/unknown
	Database version: 8.0.40
	Autocommit mode: undefined/unknown
	Isolation level: undefined/unknown
	Minimum pool size: undefined/unknown
	Maximum pool size: undefined/unknown
2025-02-27T00:07:05.363+05:30  INFO 26680 --- [teams] [restartedMain] o.h.e.t.j.p.i.JtaPlatformInitiator       : HHH000489: No JTA platform available (set 'hibernate.transaction.jta.platform' to enable JTA platform integration)
2025-02-27T00:07:05.472+05:30  INFO 26680 --- [teams] [restartedMain] j.LocalContainerEntityManagerFactoryBean : Initialized JPA EntityManagerFactory for persistence unit 'default'
2025-02-27T00:07:06.365+05:30  WARN 26680 --- [teams] [restartedMain] JpaBaseConfiguration$JpaWebConfiguration : spring.jpa.open-in-view is enabled by default. Therefore, database queries may be performed during view rendering. Explicitly configure spring.jpa.open-in-view to disable this warning
2025-02-27T00:07:08.468+05:30  WARN 26680 --- [teams] [restartedMain] o.s.b.d.a.OptionalLiveReloadServer       : Unable to start LiveReload server
2025-02-27T00:07:08.523+05:30  INFO 26680 --- [teams] [restartedMain] DiscoveryClientOptionalArgsConfiguration : Eureka HTTP Client uses RestTemplate.
2025-02-27T00:07:08.625+05:30  WARN 26680 --- [teams] [restartedMain] iguration$LoadBalancerCaffeineWarnLogger : Spring Cloud LoadBalancer is currently working with the default cache. While this cache implementation is useful for development and tests, it's recommended to use Caffeine cache in production.You can switch to using Caffeine cache, by adding it and org.springframework.cache.caffeine.CaffeineCacheManager to the classpath.
2025-02-27T00:07:08.691+05:30  INFO 26680 --- [teams] [restartedMain] o.s.b.a.e.web.EndpointLinksResolver      : Exposing 1 endpoint beneath base path '/actuator'
2025-02-27T00:07:08.906+05:30  INFO 26680 --- [teams] [restartedMain] o.s.c.n.eureka.InstanceInfoFactory       : Setting initial instance status as: STARTING
2025-02-27T00:07:08.950+05:30  INFO 26680 --- [teams] [restartedMain] com.netflix.discovery.DiscoveryClient    : Initializing Eureka in region us-east-1
2025-02-27T00:07:08.959+05:30  INFO 26680 --- [teams] [restartedMain] c.n.d.s.r.aws.ConfigClusterResolver      : Resolving eureka endpoints via configuration
2025-02-27T00:07:08.977+05:30  INFO 26680 --- [teams] [restartedMain] com.netflix.discovery.DiscoveryClient    : Disable delta property : false
2025-02-27T00:07:08.977+05:30  INFO 26680 --- [teams] [restartedMain] com.netflix.discovery.DiscoveryClient    : Single vip registry refresh property : null
2025-02-27T00:07:08.977+05:30  INFO 26680 --- [teams] [restartedMain] com.netflix.discovery.DiscoveryClient    : Force full registry fetch : false
2025-02-27T00:07:08.977+05:30  INFO 26680 --- [teams] [restartedMain] com.netflix.discovery.DiscoveryClient    : Application is null : false
2025-02-27T00:07:08.977+05:30  INFO 26680 --- [teams] [restartedMain] com.netflix.discovery.DiscoveryClient    : Registered Applications size is zero : true
2025-02-27T00:07:08.978+05:30  INFO 26680 --- [teams] [restartedMain] com.netflix.discovery.DiscoveryClient    : Application version is -1: true
2025-02-27T00:07:08.978+05:30  INFO 26680 --- [teams] [restartedMain] com.netflix.discovery.DiscoveryClient    : Getting all instance registry info from the eureka server
2025-02-27T00:07:09.432+05:30  INFO 26680 --- [teams] [restartedMain] com.netflix.discovery.DiscoveryClient    : The response status is 200
2025-02-27T00:07:09.435+05:30  INFO 26680 --- [teams] [restartedMain] com.netflix.discovery.DiscoveryClient    : Starting heartbeat executor: renew interval is: 30
2025-02-27T00:07:09.438+05:30  INFO 26680 --- [teams] [restartedMain] c.n.discovery.InstanceInfoReplicator     : InstanceInfoReplicator onDemand update allowed rate per min is 4
2025-02-27T00:07:09.440+05:30  INFO 26680 --- [teams] [restartedMain] com.netflix.discovery.DiscoveryClient    : Discovery Client initialized at timestamp 1740595029440 with initial instances count: 3
2025-02-27T00:07:09.455+05:30  INFO 26680 --- [teams] [restartedMain] o.s.c.n.e.s.EurekaServiceRegistry        : Registering application TEAMS with eureka with status UP
2025-02-27T00:07:09.457+05:30  INFO 26680 --- [teams] [restartedMain] com.netflix.discovery.DiscoveryClient    : Saw local status change event StatusChangeEvent [timestamp=1740595029457, current=UP, previous=STARTING]
2025-02-27T00:07:09.460+05:30  INFO 26680 --- [teams] [DiscoveryClient-InstanceInfoReplicator-%d] com.netflix.discovery.DiscoveryClient    : DiscoveryClient_TEAMS/LTIN564398.cts.com:teams:8086: registering service...
2025-02-27T00:07:09.501+05:30  INFO 26680 --- [teams] [restartedMain] o.s.b.w.embedded.tomcat.TomcatWebServer  : Tomcat started on port 8086 (http) with context path '/'
2025-02-27T00:07:09.503+05:30  INFO 26680 --- [teams] [restartedMain] .s.c.n.e.s.EurekaAutoServiceRegistration : Updating port to 8086
2025-02-27T00:07:09.533+05:30  INFO 26680 --- [teams] [restartedMain] com.cts.teams.TeamsApplication           : Started TeamsApplication in 17.366 seconds (process running for 19.657)
2025-02-27T00:07:09.555+05:30  INFO 26680 --- [teams] [DiscoveryClient-InstanceInfoReplicator-%d] com.netflix.discovery.DiscoveryClient    : DiscoveryClient_TEAMS/LTIN564398.cts.com:teams:8086 - registration status: 204
2025-02-27T00:07:09.847+05:30  INFO 26680 --- [teams] [RMI TCP Connection(6)-127.0.0.1] o.a.c.c.C.[Tomcat].[localhost].[/]       : Initializing Spring DispatcherServlet 'dispatcherServlet'
2025-02-27T00:07:09.847+05:30  INFO 26680 --- [teams] [RMI TCP Connection(6)-127.0.0.1] o.s.web.servlet.DispatcherServlet        : Initializing Servlet 'dispatcherServlet'
2025-02-27T00:07:09.850+05:30  INFO 26680 --- [teams] [RMI TCP Connection(6)-127.0.0.1] o.s.web.servlet.DispatcherServlet        : Completed initialization in 3 ms
2025-02-27T00:13:45.358+05:30  WARN 26680 --- [teams] [HikariPool-1 housekeeper] com.zaxxer.hikari.pool.HikariPool        : HikariPool-1 - Thread starvation or clock leap detected (housekeeper delta=4m12s32ms323µs).
2025-02-27T00:15:51.005+05:30  INFO 26680 --- [teams] [AsyncResolver-bootstrap-executor-%d] c.n.d.s.r.aws.ConfigClusterResolver      : Resolving eureka endpoints via configuration
2025-02-27T00:20:51.014+05:30  INFO 26680 --- [teams] [AsyncResolver-bootstrap-executor-%d] c.n.d.s.r.aws.ConfigClusterResolver      : Resolving eureka endpoints via configuration
