2025-03-06T00:02:21.092+05:30  INFO 15764 --- [security-service] [AsyncResolver-bootstrap-executor-%d] c.n.d.s.r.aws.ConfigClusterResolver      : Resolving eureka endpoints via configuration
2025-03-06T00:07:21.152+05:30  INFO 15764 --- [security-service] [AsyncResolver-bootstrap-executor-%d] c.n.d.s.r.aws.ConfigClusterResolver      : Resolving eureka endpoints via configuration
2025-03-06T00:12:21.155+05:30  INFO 15764 --- [security-service] [AsyncResolver-bootstrap-executor-%d] c.n.d.s.r.aws.ConfigClusterResolver      : Resolving eureka endpoints via configuration
2025-03-06T00:17:21.163+05:30  INFO 15764 --- [security-service] [AsyncResolver-bootstrap-executor-%d] c.n.d.s.r.aws.ConfigClusterResolver      : Resolving eureka endpoints via configuration
2025-03-06T00:22:21.184+05:30  INFO 15764 --- [security-service] [AsyncResolver-bootstrap-executor-%d] c.n.d.s.r.aws.ConfigClusterResolver      : Resolving eureka endpoints via configuration
2025-03-06T00:27:21.192+05:30  INFO 15764 --- [security-service] [AsyncResolver-bootstrap-executor-%d] c.n.d.s.r.aws.ConfigClusterResolver      : Resolving eureka endpoints via configuration
2025-03-06T00:32:21.201+05:30  INFO 15764 --- [security-service] [AsyncResolver-bootstrap-executor-%d] c.n.d.s.r.aws.ConfigClusterResolver      : Resolving eureka endpoints via configuration
2025-03-06T00:37:21.216+05:30  INFO 15764 --- [security-service] [AsyncResolver-bootstrap-executor-%d] c.n.d.s.r.aws.ConfigClusterResolver      : Resolving eureka endpoints via configuration
2025-03-06T00:42:21.226+05:30  INFO 15764 --- [security-service] [AsyncResolver-bootstrap-executor-%d] c.n.d.s.r.aws.ConfigClusterResolver      : Resolving eureka endpoints via configuration
2025-03-06T00:47:21.240+05:30  INFO 15764 --- [security-service] [AsyncResolver-bootstrap-executor-%d] c.n.d.s.r.aws.ConfigClusterResolver      : Resolving eureka endpoints via configuration
2025-03-06T00:52:21.254+05:30  INFO 15764 --- [security-service] [AsyncResolver-bootstrap-executor-%d] c.n.d.s.r.aws.ConfigClusterResolver      : Resolving eureka endpoints via configuration
2025-03-06T00:57:21.265+05:30  INFO 15764 --- [security-service] [AsyncResolver-bootstrap-executor-%d] c.n.d.s.r.aws.ConfigClusterResolver      : Resolving eureka endpoints via configuration
2025-03-06T09:53:55.659+05:30  INFO 33880 --- [security-service] [restartedMain] com.SpringSecurityLatestApplication      : Starting SpringSecurityLatestApplication using Java 21.0.5 with PID 33880 (C:\Project\Chronotimer\Security-Service\target\classes started by 2380232 in C:\Project\Chronotimer\Security-Service)
2025-03-06T09:53:55.663+05:30  INFO 33880 --- [security-service] [restartedMain] com.SpringSecurityLatestApplication      : No active profile set, falling back to 1 default profile: "default"
2025-03-06T09:53:55.723+05:30  INFO 33880 --- [security-service] [restartedMain] o.s.c.c.c.ConfigServerConfigDataLoader   : Fetching config from server at : http://localhost:1233
2025-03-06T09:53:55.723+05:30  INFO 33880 --- [security-service] [restartedMain] o.s.c.c.c.ConfigServerConfigDataLoader   : Located environment: name=security-service, profiles=[default], label=null, version=f4b0d06ba45c592ffa4e69ba5e63c36cf49f9f5b, state=
2025-03-06T09:53:55.727+05:30  INFO 33880 --- [security-service] [restartedMain] .e.DevToolsPropertyDefaultsPostProcessor : Devtools property defaults active! Set 'spring.devtools.add-properties' to 'false' to disable
2025-03-06T09:53:55.727+05:30  INFO 33880 --- [security-service] [restartedMain] .e.DevToolsPropertyDefaultsPostProcessor : For additional web related logging consider setting the 'logging.level.web' property to 'DEBUG'
2025-03-06T09:53:57.888+05:30  INFO 33880 --- [security-service] [restartedMain] .s.d.r.c.RepositoryConfigurationDelegate : Bootstrapping Spring Data JPA repositories in DEFAULT mode.
2025-03-06T09:53:58.343+05:30  INFO 33880 --- [security-service] [restartedMain] .s.d.r.c.RepositoryConfigurationDelegate : Finished Spring Data repository scanning in 447 ms. Found 1 JPA repository interface.
2025-03-06T09:53:58.606+05:30  INFO 33880 --- [security-service] [restartedMain] o.s.cloud.context.scope.GenericScope     : BeanFactory id=ae58a716-3a82-3535-ab1b-64723b927693
2025-03-06T09:53:59.121+05:30  INFO 33880 --- [security-service] [restartedMain] o.s.b.w.embedded.tomcat.TomcatWebServer  : Tomcat initialized with port 9194 (http)
2025-03-06T09:53:59.138+05:30  INFO 33880 --- [security-service] [restartedMain] o.apache.catalina.core.StandardService   : Starting service [Tomcat]
2025-03-06T09:53:59.138+05:30  INFO 33880 --- [security-service] [restartedMain] o.apache.catalina.core.StandardEngine    : Starting Servlet engine: [Apache Tomcat/10.1.34]
2025-03-06T09:53:59.195+05:30  INFO 33880 --- [security-service] [restartedMain] o.a.c.c.C.[Tomcat].[localhost].[/]       : Initializing Spring embedded WebApplicationContext
2025-03-06T09:53:59.196+05:30  INFO 33880 --- [security-service] [restartedMain] w.s.c.ServletWebServerApplicationContext : Root WebApplicationContext: initialization completed in 3469 ms
2025-03-06T09:53:59.373+05:30  INFO 33880 --- [security-service] [restartedMain] o.hibernate.jpa.internal.util.LogHelper  : HHH000204: Processing PersistenceUnitInfo [name: default]
2025-03-06T09:53:59.425+05:30  INFO 33880 --- [security-service] [restartedMain] org.hibernate.Version                    : HHH000412: Hibernate ORM core version 6.6.5.Final
2025-03-06T09:53:59.456+05:30  INFO 33880 --- [security-service] [restartedMain] o.h.c.internal.RegionFactoryInitiator    : HHH000026: Second-level cache disabled
2025-03-06T09:53:59.705+05:30  INFO 33880 --- [security-service] [restartedMain] o.s.o.j.p.SpringPersistenceUnitInfo      : No LoadTimeWeaver setup: ignoring JPA class transformer
2025-03-06T09:53:59.751+05:30  INFO 33880 --- [security-service] [restartedMain] com.zaxxer.hikari.HikariDataSource       : HikariPool-1 - Starting...
2025-03-06T09:54:00.027+05:30  INFO 33880 --- [security-service] [restartedMain] com.zaxxer.hikari.pool.HikariPool        : HikariPool-1 - Added connection com.mysql.cj.jdbc.ConnectionImpl@64127a6e
2025-03-06T09:54:00.029+05:30  INFO 33880 --- [security-service] [restartedMain] com.zaxxer.hikari.HikariDataSource       : HikariPool-1 - Start completed.
2025-03-06T09:54:00.107+05:30  INFO 33880 --- [security-service] [restartedMain] org.hibernate.orm.connections.pooling    : HHH10001005: Database info:
	Database JDBC URL [Connecting through datasource 'HikariDataSource (HikariPool-1)']
	Database driver: undefined/unknown
	Database version: 8.0.40
	Autocommit mode: undefined/unknown
	Isolation level: undefined/unknown
	Minimum pool size: undefined/unknown
	Maximum pool size: undefined/unknown
2025-03-06T09:54:01.010+05:30  INFO 33880 --- [security-service] [restartedMain] o.h.e.t.j.p.i.JtaPlatformInitiator       : HHH000489: No JTA platform available (set 'hibernate.transaction.jta.platform' to enable JTA platform integration)
2025-03-06T09:54:01.071+05:30  INFO 33880 --- [security-service] [restartedMain] j.LocalContainerEntityManagerFactoryBean : Initialized JPA EntityManagerFactory for persistence unit 'default'
2025-03-06T09:54:01.423+05:30  WARN 33880 --- [security-service] [restartedMain] JpaBaseConfiguration$JpaWebConfiguration : spring.jpa.open-in-view is enabled by default. Therefore, database queries may be performed during view rendering. Explicitly configure spring.jpa.open-in-view to disable this warning
2025-03-06T09:54:01.469+05:30  WARN 33880 --- [security-service] [restartedMain] o.s.b.d.a.OptionalLiveReloadServer       : Unable to start LiveReload server
2025-03-06T09:54:01.539+05:30  INFO 33880 --- [security-service] [restartedMain] o.s.c.openfeign.FeignClientFactoryBean   : For 'REMARKS' URL not provided. Will try picking an instance via load-balancing.
2025-03-06T09:54:01.605+05:30  INFO 33880 --- [security-service] [restartedMain] o.s.c.openfeign.FeignClientFactoryBean   : For 'TIMER' URL not provided. Will try picking an instance via load-balancing.
2025-03-06T09:54:01.675+05:30  INFO 33880 --- [security-service] [restartedMain] eAuthenticationProviderManagerConfigurer : Global AuthenticationManager configured with AuthenticationProvider bean with name authenticationProvider
2025-03-06T09:54:01.676+05:30  WARN 33880 --- [security-service] [restartedMain] r$InitializeUserDetailsManagerConfigurer : Global AuthenticationManager configured with an AuthenticationProvider bean. UserDetailsService beans will not be used by Spring Security for automatically configuring username/password login. Consider removing the AuthenticationProvider bean. Alternatively, consider using the UserDetailsService in a manually instantiated DaoAuthenticationProvider. If the current configuration is intentional, to turn off this warning, increase the logging level of 'org.springframework.security.config.annotation.authentication.configuration.InitializeUserDetailsBeanManagerConfigurer' to ERROR
2025-03-06T09:54:02.444+05:30  INFO 33880 --- [security-service] [restartedMain] DiscoveryClientOptionalArgsConfiguration : Eureka HTTP Client uses RestTemplate.
2025-03-06T09:54:02.478+05:30  WARN 33880 --- [security-service] [restartedMain] iguration$LoadBalancerCaffeineWarnLogger : Spring Cloud LoadBalancer is currently working with the default cache. While this cache implementation is useful for development and tests, it's recommended to use Caffeine cache in production.You can switch to using Caffeine cache, by adding it and org.springframework.cache.caffeine.CaffeineCacheManager to the classpath.
2025-03-06T09:54:02.537+05:30  INFO 33880 --- [security-service] [restartedMain] o.s.c.n.eureka.InstanceInfoFactory       : Setting initial instance status as: STARTING
2025-03-06T09:54:02.564+05:30  INFO 33880 --- [security-service] [restartedMain] com.netflix.discovery.DiscoveryClient    : Initializing Eureka in region us-east-1
2025-03-06T09:54:02.567+05:30  INFO 33880 --- [security-service] [restartedMain] c.n.d.s.r.aws.ConfigClusterResolver      : Resolving eureka endpoints via configuration
2025-03-06T09:54:02.576+05:30  INFO 33880 --- [security-service] [restartedMain] com.netflix.discovery.DiscoveryClient    : Disable delta property : false
2025-03-06T09:54:02.576+05:30  INFO 33880 --- [security-service] [restartedMain] com.netflix.discovery.DiscoveryClient    : Single vip registry refresh property : null
2025-03-06T09:54:02.576+05:30  INFO 33880 --- [security-service] [restartedMain] com.netflix.discovery.DiscoveryClient    : Force full registry fetch : false
2025-03-06T09:54:02.577+05:30  INFO 33880 --- [security-service] [restartedMain] com.netflix.discovery.DiscoveryClient    : Application is null : false
2025-03-06T09:54:02.577+05:30  INFO 33880 --- [security-service] [restartedMain] com.netflix.discovery.DiscoveryClient    : Registered Applications size is zero : true
2025-03-06T09:54:02.577+05:30  INFO 33880 --- [security-service] [restartedMain] com.netflix.discovery.DiscoveryClient    : Application version is -1: true
2025-03-06T09:54:02.578+05:30  INFO 33880 --- [security-service] [restartedMain] com.netflix.discovery.DiscoveryClient    : Getting all instance registry info from the eureka server
2025-03-06T09:54:02.929+05:30  INFO 33880 --- [security-service] [restartedMain] com.netflix.discovery.DiscoveryClient    : The response status is 200
2025-03-06T09:54:02.931+05:30  INFO 33880 --- [security-service] [restartedMain] com.netflix.discovery.DiscoveryClient    : Starting heartbeat executor: renew interval is: 30
2025-03-06T09:54:02.933+05:30  INFO 33880 --- [security-service] [restartedMain] c.n.discovery.InstanceInfoReplicator     : InstanceInfoReplicator onDemand update allowed rate per min is 4
2025-03-06T09:54:02.935+05:30  INFO 33880 --- [security-service] [restartedMain] com.netflix.discovery.DiscoveryClient    : Discovery Client initialized at timestamp 1741235042934 with initial instances count: 0
2025-03-06T09:54:02.942+05:30  INFO 33880 --- [security-service] [restartedMain] o.s.c.n.e.s.EurekaServiceRegistry        : Registering application SECURITY-SERVICE with eureka with status UP
2025-03-06T09:54:02.942+05:30  INFO 33880 --- [security-service] [restartedMain] com.netflix.discovery.DiscoveryClient    : Saw local status change event StatusChangeEvent [timestamp=1741235042942, current=UP, previous=STARTING]
2025-03-06T09:54:02.944+05:30  INFO 33880 --- [security-service] [DiscoveryClient-InstanceInfoReplicator-%d] com.netflix.discovery.DiscoveryClient    : DiscoveryClient_SECURITY-SERVICE/LTIN564398.cts.com:security-service:9194: registering service...
2025-03-06T09:54:02.967+05:30  INFO 33880 --- [security-service] [restartedMain] o.s.b.w.embedded.tomcat.TomcatWebServer  : Tomcat started on port 9194 (http) with context path '/'
2025-03-06T09:54:02.968+05:30  INFO 33880 --- [security-service] [restartedMain] .s.c.n.e.s.EurekaAutoServiceRegistration : Updating port to 9194
2025-03-06T09:54:02.982+05:30  INFO 33880 --- [security-service] [restartedMain] com.SpringSecurityLatestApplication      : Started SpringSecurityLatestApplication in 9.328 seconds (process running for 10.646)
2025-03-06T09:54:03.074+05:30  INFO 33880 --- [security-service] [DiscoveryClient-InstanceInfoReplicator-%d] com.netflix.discovery.DiscoveryClient    : DiscoveryClient_SECURITY-SERVICE/LTIN564398.cts.com:security-service:9194 - registration status: 204
2025-03-06T09:54:32.932+05:30  INFO 33880 --- [security-service] [DiscoveryClient-CacheRefreshExecutor-%d] com.netflix.discovery.DiscoveryClient    : Disable delta property : false
2025-03-06T09:54:32.932+05:30  INFO 33880 --- [security-service] [DiscoveryClient-CacheRefreshExecutor-%d] com.netflix.discovery.DiscoveryClient    : Single vip registry refresh property : null
2025-03-06T09:54:32.932+05:30  INFO 33880 --- [security-service] [DiscoveryClient-CacheRefreshExecutor-%d] com.netflix.discovery.DiscoveryClient    : Force full registry fetch : false
2025-03-06T09:54:32.932+05:30  INFO 33880 --- [security-service] [DiscoveryClient-CacheRefreshExecutor-%d] com.netflix.discovery.DiscoveryClient    : Application is null : false
2025-03-06T09:54:32.932+05:30  INFO 33880 --- [security-service] [DiscoveryClient-CacheRefreshExecutor-%d] com.netflix.discovery.DiscoveryClient    : Registered Applications size is zero : true
2025-03-06T09:54:32.932+05:30  INFO 33880 --- [security-service] [DiscoveryClient-CacheRefreshExecutor-%d] com.netflix.discovery.DiscoveryClient    : Application version is -1: false
2025-03-06T09:54:32.932+05:30  INFO 33880 --- [security-service] [DiscoveryClient-CacheRefreshExecutor-%d] com.netflix.discovery.DiscoveryClient    : Getting all instance registry info from the eureka server
2025-03-06T09:54:32.963+05:30  INFO 33880 --- [security-service] [DiscoveryClient-CacheRefreshExecutor-%d] com.netflix.discovery.DiscoveryClient    : The response status is 200
2025-03-06T09:55:01.002+05:30  INFO 33880 --- [security-service] [http-nio-9194-exec-1] o.a.c.c.C.[Tomcat].[localhost].[/]       : Initializing Spring DispatcherServlet 'dispatcherServlet'
2025-03-06T09:55:01.002+05:30  INFO 33880 --- [security-service] [http-nio-9194-exec-1] o.s.web.servlet.DispatcherServlet        : Initializing Servlet 'dispatcherServlet'
2025-03-06T09:55:01.002+05:30  INFO 33880 --- [security-service] [http-nio-9194-exec-1] o.s.web.servlet.DispatcherServlet        : Completed initialization in 0 ms
2025-03-06T09:59:02.580+05:30  INFO 33880 --- [security-service] [AsyncResolver-bootstrap-executor-%d] c.n.d.s.r.aws.ConfigClusterResolver      : Resolving eureka endpoints via configuration
2025-03-06T10:04:02.584+05:30  INFO 33880 --- [security-service] [AsyncResolver-bootstrap-executor-%d] c.n.d.s.r.aws.ConfigClusterResolver      : Resolving eureka endpoints via configuration
2025-03-06T10:09:02.591+05:30  INFO 33880 --- [security-service] [AsyncResolver-bootstrap-executor-%d] c.n.d.s.r.aws.ConfigClusterResolver      : Resolving eureka endpoints via configuration
2025-03-06T10:14:02.594+05:30  INFO 33880 --- [security-service] [AsyncResolver-bootstrap-executor-%d] c.n.d.s.r.aws.ConfigClusterResolver      : Resolving eureka endpoints via configuration
2025-03-06T10:19:02.607+05:30  INFO 33880 --- [security-service] [AsyncResolver-bootstrap-executor-%d] c.n.d.s.r.aws.ConfigClusterResolver      : Resolving eureka endpoints via configuration
2025-03-06T10:24:02.619+05:30  INFO 33880 --- [security-service] [AsyncResolver-bootstrap-executor-%d] c.n.d.s.r.aws.ConfigClusterResolver      : Resolving eureka endpoints via configuration
2025-03-06T10:29:02.634+05:30  INFO 33880 --- [security-service] [AsyncResolver-bootstrap-executor-%d] c.n.d.s.r.aws.ConfigClusterResolver      : Resolving eureka endpoints via configuration
2025-03-06T10:34:07.441+05:30  INFO 33880 --- [security-service] [AsyncResolver-bootstrap-executor-%d] c.n.d.s.r.aws.ConfigClusterResolver      : Resolving eureka endpoints via configuration
2025-03-06T11:27:38.873+05:30  WARN 33880 --- [security-service] [HikariPool-1 housekeeper] com.zaxxer.hikari.pool.HikariPool        : HikariPool-1 - Thread starvation or clock leap detected (housekeeper delta=53m3s267ms81µs700ns).
2025-03-06T11:31:40.702+05:30  INFO 33880 --- [security-service] [AsyncResolver-bootstrap-executor-%d] c.n.d.s.r.aws.ConfigClusterResolver      : Resolving eureka endpoints via configuration
2025-03-06T11:36:40.718+05:30  INFO 33880 --- [security-service] [AsyncResolver-bootstrap-executor-%d] c.n.d.s.r.aws.ConfigClusterResolver      : Resolving eureka endpoints via configuration
2025-03-06T11:56:43.815+05:30  WARN 33880 --- [security-service] [HikariPool-1 housekeeper] com.zaxxer.hikari.pool.HikariPool        : HikariPool-1 - Thread starvation or clock leap detected (housekeeper delta=15m34s742ms417µs300ns).
2025-03-06T11:56:45.471+05:30  INFO 33880 --- [security-service] [AsyncResolver-bootstrap-executor-%d] c.n.d.s.r.aws.ConfigClusterResolver      : Resolving eureka endpoints via configuration
2025-03-06T12:06:49.665+05:30  WARN 33880 --- [security-service] [HikariPool-1 housekeeper] com.zaxxer.hikari.pool.HikariPool        : HikariPool-1 - Thread starvation or clock leap detected (housekeeper delta=6m5s764ms597µs100ns).
2025-03-06T12:07:21.232+05:30  INFO 33880 --- [security-service] [AsyncResolver-bootstrap-executor-%d] c.n.d.s.r.aws.ConfigClusterResolver      : Resolving eureka endpoints via configuration
2025-03-06T12:11:13.797+05:30  INFO 33880 --- [security-service] [RMI TCP Connection(75)-127.0.0.1] inMXBeanRegistrar$SpringApplicationAdmin : Application shutdown requested.
2025-03-06T12:11:13.813+05:30  INFO 33880 --- [security-service] [RMI TCP Connection(75)-127.0.0.1] o.s.c.n.e.s.EurekaServiceRegistry        : Unregistering application SECURITY-SERVICE with eureka with status DOWN
2025-03-06T12:11:13.813+05:30  INFO 33880 --- [security-service] [RMI TCP Connection(75)-127.0.0.1] com.netflix.discovery.DiscoveryClient    : Saw local status change event StatusChangeEvent [timestamp=1741243273813, current=DOWN, previous=UP]
2025-03-06T12:11:13.813+05:30  INFO 33880 --- [security-service] [DiscoveryClient-InstanceInfoReplicator-%d] com.netflix.discovery.DiscoveryClient    : DiscoveryClient_SECURITY-SERVICE/LTIN564398.cts.com:security-service:9194: registering service...
2025-03-06T12:11:13.839+05:30  INFO 33880 --- [security-service] [DiscoveryClient-InstanceInfoReplicator-%d] com.netflix.discovery.DiscoveryClient    : DiscoveryClient_SECURITY-SERVICE/LTIN564398.cts.com:security-service:9194 - registration status: 204
2025-03-06T12:11:13.846+05:30  INFO 33880 --- [security-service] [RMI TCP Connection(75)-127.0.0.1] o.s.b.w.e.tomcat.GracefulShutdown        : Commencing graceful shutdown. Waiting for active requests to complete
2025-03-06T12:11:13.856+05:30  INFO 33880 --- [security-service] [tomcat-shutdown] o.s.b.w.e.tomcat.GracefulShutdown        : Graceful shutdown complete
2025-03-06T12:11:13.891+05:30  INFO 33880 --- [security-service] [RMI TCP Connection(75)-127.0.0.1] j.LocalContainerEntityManagerFactoryBean : Closing JPA EntityManagerFactory for persistence unit 'default'
2025-03-06T12:11:13.912+05:30  INFO 33880 --- [security-service] [RMI TCP Connection(75)-127.0.0.1] com.zaxxer.hikari.HikariDataSource       : HikariPool-1 - Shutdown initiated...
2025-03-06T12:11:13.920+05:30  INFO 33880 --- [security-service] [RMI TCP Connection(75)-127.0.0.1] com.zaxxer.hikari.HikariDataSource       : HikariPool-1 - Shutdown completed.
2025-03-06T12:11:13.921+05:30  INFO 33880 --- [security-service] [RMI TCP Connection(75)-127.0.0.1] com.netflix.discovery.DiscoveryClient    : Shutting down DiscoveryClient ...
2025-03-06T12:11:16.931+05:30  INFO 33880 --- [security-service] [RMI TCP Connection(75)-127.0.0.1] com.netflix.discovery.DiscoveryClient    : Unregistering ...
2025-03-06T12:11:16.947+05:30  INFO 33880 --- [security-service] [RMI TCP Connection(75)-127.0.0.1] com.netflix.discovery.DiscoveryClient    : DiscoveryClient_SECURITY-SERVICE/LTIN564398.cts.com:security-service:9194 - deregister  status: 200
2025-03-06T12:11:16.948+05:30  INFO 33880 --- [security-service] [RMI TCP Connection(75)-127.0.0.1] com.netflix.discovery.DiscoveryClient    : Completed shut down of DiscoveryClient
2025-03-06T12:11:28.153+05:30  INFO 31772 --- [security-service] [restartedMain] com.SpringSecurityLatestApplication      : Starting SpringSecurityLatestApplication using Java 21.0.5 with PID 31772 (C:\Project\Chronotimer\Security-Service\target\classes started by 2380232 in C:\Project\Chronotimer\Security-Service)
2025-03-06T12:11:28.156+05:30  INFO 31772 --- [security-service] [restartedMain] com.SpringSecurityLatestApplication      : No active profile set, falling back to 1 default profile: "default"
2025-03-06T12:11:28.229+05:30  INFO 31772 --- [security-service] [restartedMain] o.s.c.c.c.ConfigServerConfigDataLoader   : Fetching config from server at : http://localhost:1233
2025-03-06T12:11:28.230+05:30  INFO 31772 --- [security-service] [restartedMain] o.s.c.c.c.ConfigServerConfigDataLoader   : Located environment: name=security-service, profiles=[default], label=null, version=f4b0d06ba45c592ffa4e69ba5e63c36cf49f9f5b, state=
2025-03-06T12:11:28.233+05:30  INFO 31772 --- [security-service] [restartedMain] .e.DevToolsPropertyDefaultsPostProcessor : Devtools property defaults active! Set 'spring.devtools.add-properties' to 'false' to disable
2025-03-06T12:11:28.234+05:30  INFO 31772 --- [security-service] [restartedMain] .e.DevToolsPropertyDefaultsPostProcessor : For additional web related logging consider setting the 'logging.level.web' property to 'DEBUG'
2025-03-06T12:11:31.315+05:30  INFO 31772 --- [security-service] [restartedMain] .s.d.r.c.RepositoryConfigurationDelegate : Bootstrapping Spring Data JPA repositories in DEFAULT mode.
2025-03-06T12:11:32.012+05:30  INFO 31772 --- [security-service] [restartedMain] .s.d.r.c.RepositoryConfigurationDelegate : Finished Spring Data repository scanning in 683 ms. Found 1 JPA repository interface.
2025-03-06T12:11:32.431+05:30  INFO 31772 --- [security-service] [restartedMain] o.s.cloud.context.scope.GenericScope     : BeanFactory id=ae58a716-3a82-3535-ab1b-64723b927693
2025-03-06T12:11:33.304+05:30  INFO 31772 --- [security-service] [restartedMain] o.s.b.w.embedded.tomcat.TomcatWebServer  : Tomcat initialized with port 9194 (http)
2025-03-06T12:11:33.324+05:30  INFO 31772 --- [security-service] [restartedMain] o.apache.catalina.core.StandardService   : Starting service [Tomcat]
2025-03-06T12:11:33.325+05:30  INFO 31772 --- [security-service] [restartedMain] o.apache.catalina.core.StandardEngine    : Starting Servlet engine: [Apache Tomcat/10.1.34]
2025-03-06T12:11:33.417+05:30  INFO 31772 --- [security-service] [restartedMain] o.a.c.c.C.[Tomcat].[localhost].[/]       : Initializing Spring embedded WebApplicationContext
2025-03-06T12:11:33.418+05:30  INFO 31772 --- [security-service] [restartedMain] w.s.c.ServletWebServerApplicationContext : Root WebApplicationContext: initialization completed in 5183 ms
2025-03-06T12:11:33.700+05:30  INFO 31772 --- [security-service] [restartedMain] o.hibernate.jpa.internal.util.LogHelper  : HHH000204: Processing PersistenceUnitInfo [name: default]
2025-03-06T12:11:33.826+05:30  INFO 31772 --- [security-service] [restartedMain] org.hibernate.Version                    : HHH000412: Hibernate ORM core version 6.6.5.Final
2025-03-06T12:11:33.887+05:30  INFO 31772 --- [security-service] [restartedMain] o.h.c.internal.RegionFactoryInitiator    : HHH000026: Second-level cache disabled
2025-03-06T12:11:34.352+05:30  INFO 31772 --- [security-service] [restartedMain] o.s.o.j.p.SpringPersistenceUnitInfo      : No LoadTimeWeaver setup: ignoring JPA class transformer
2025-03-06T12:11:34.402+05:30  INFO 31772 --- [security-service] [restartedMain] com.zaxxer.hikari.HikariDataSource       : HikariPool-1 - Starting...
2025-03-06T12:11:34.777+05:30  INFO 31772 --- [security-service] [restartedMain] com.zaxxer.hikari.pool.HikariPool        : HikariPool-1 - Added connection com.mysql.cj.jdbc.ConnectionImpl@7b5e1bd2
2025-03-06T12:11:34.781+05:30  INFO 31772 --- [security-service] [restartedMain] com.zaxxer.hikari.HikariDataSource       : HikariPool-1 - Start completed.
2025-03-06T12:11:34.915+05:30  INFO 31772 --- [security-service] [restartedMain] org.hibernate.orm.connections.pooling    : HHH10001005: Database info:
	Database JDBC URL [Connecting through datasource 'HikariDataSource (HikariPool-1)']
	Database driver: undefined/unknown
	Database version: 8.0.40
	Autocommit mode: undefined/unknown
	Isolation level: undefined/unknown
	Minimum pool size: undefined/unknown
	Maximum pool size: undefined/unknown
2025-03-06T12:11:36.239+05:30  INFO 31772 --- [security-service] [restartedMain] o.h.e.t.j.p.i.JtaPlatformInitiator       : HHH000489: No JTA platform available (set 'hibernate.transaction.jta.platform' to enable JTA platform integration)
2025-03-06T12:11:36.339+05:30  INFO 31772 --- [security-service] [restartedMain] j.LocalContainerEntityManagerFactoryBean : Initialized JPA EntityManagerFactory for persistence unit 'default'
2025-03-06T12:11:36.934+05:30  WARN 31772 --- [security-service] [restartedMain] JpaBaseConfiguration$JpaWebConfiguration : spring.jpa.open-in-view is enabled by default. Therefore, database queries may be performed during view rendering. Explicitly configure spring.jpa.open-in-view to disable this warning
2025-03-06T12:11:36.993+05:30  WARN 31772 --- [security-service] [restartedMain] o.s.b.d.a.OptionalLiveReloadServer       : Unable to start LiveReload server
2025-03-06T12:11:37.087+05:30  INFO 31772 --- [security-service] [restartedMain] o.s.c.openfeign.FeignClientFactoryBean   : For 'REMARKS' URL not provided. Will try picking an instance via load-balancing.
2025-03-06T12:11:37.150+05:30  INFO 31772 --- [security-service] [restartedMain] o.s.c.openfeign.FeignClientFactoryBean   : For 'TIMER' URL not provided. Will try picking an instance via load-balancing.
2025-03-06T12:11:37.212+05:30  INFO 31772 --- [security-service] [restartedMain] eAuthenticationProviderManagerConfigurer : Global AuthenticationManager configured with AuthenticationProvider bean with name authenticationProvider
2025-03-06T12:11:37.213+05:30  WARN 31772 --- [security-service] [restartedMain] r$InitializeUserDetailsManagerConfigurer : Global AuthenticationManager configured with an AuthenticationProvider bean. UserDetailsService beans will not be used by Spring Security for automatically configuring username/password login. Consider removing the AuthenticationProvider bean. Alternatively, consider using the UserDetailsService in a manually instantiated DaoAuthenticationProvider. If the current configuration is intentional, to turn off this warning, increase the logging level of 'org.springframework.security.config.annotation.authentication.configuration.InitializeUserDetailsBeanManagerConfigurer' to ERROR
2025-03-06T12:11:38.122+05:30  INFO 31772 --- [security-service] [restartedMain] DiscoveryClientOptionalArgsConfiguration : Eureka HTTP Client uses RestTemplate.
2025-03-06T12:11:38.167+05:30  WARN 31772 --- [security-service] [restartedMain] iguration$LoadBalancerCaffeineWarnLogger : Spring Cloud LoadBalancer is currently working with the default cache. While this cache implementation is useful for development and tests, it's recommended to use Caffeine cache in production.You can switch to using Caffeine cache, by adding it and org.springframework.cache.caffeine.CaffeineCacheManager to the classpath.
2025-03-06T12:11:38.241+05:30  INFO 31772 --- [security-service] [restartedMain] o.s.c.n.eureka.InstanceInfoFactory       : Setting initial instance status as: STARTING
2025-03-06T12:11:38.276+05:30  INFO 31772 --- [security-service] [restartedMain] com.netflix.discovery.DiscoveryClient    : Initializing Eureka in region us-east-1
2025-03-06T12:11:38.281+05:30  INFO 31772 --- [security-service] [restartedMain] c.n.d.s.r.aws.ConfigClusterResolver      : Resolving eureka endpoints via configuration
2025-03-06T12:11:38.292+05:30  INFO 31772 --- [security-service] [restartedMain] com.netflix.discovery.DiscoveryClient    : Disable delta property : false
2025-03-06T12:11:38.292+05:30  INFO 31772 --- [security-service] [restartedMain] com.netflix.discovery.DiscoveryClient    : Single vip registry refresh property : null
2025-03-06T12:11:38.292+05:30  INFO 31772 --- [security-service] [restartedMain] com.netflix.discovery.DiscoveryClient    : Force full registry fetch : false
2025-03-06T12:11:38.292+05:30  INFO 31772 --- [security-service] [restartedMain] com.netflix.discovery.DiscoveryClient    : Application is null : false
2025-03-06T12:11:38.293+05:30  INFO 31772 --- [security-service] [restartedMain] com.netflix.discovery.DiscoveryClient    : Registered Applications size is zero : true
2025-03-06T12:11:38.293+05:30  INFO 31772 --- [security-service] [restartedMain] com.netflix.discovery.DiscoveryClient    : Application version is -1: true
2025-03-06T12:11:38.293+05:30  INFO 31772 --- [security-service] [restartedMain] com.netflix.discovery.DiscoveryClient    : Getting all instance registry info from the eureka server
2025-03-06T12:11:38.666+05:30  INFO 31772 --- [security-service] [restartedMain] com.netflix.discovery.DiscoveryClient    : The response status is 200
2025-03-06T12:11:38.670+05:30  INFO 31772 --- [security-service] [restartedMain] com.netflix.discovery.DiscoveryClient    : Starting heartbeat executor: renew interval is: 30
2025-03-06T12:11:38.677+05:30  INFO 31772 --- [security-service] [restartedMain] c.n.discovery.InstanceInfoReplicator     : InstanceInfoReplicator onDemand update allowed rate per min is 4
2025-03-06T12:11:38.681+05:30  INFO 31772 --- [security-service] [restartedMain] com.netflix.discovery.DiscoveryClient    : Discovery Client initialized at timestamp 1741243298680 with initial instances count: 4
2025-03-06T12:11:38.689+05:30  INFO 31772 --- [security-service] [restartedMain] o.s.c.n.e.s.EurekaServiceRegistry        : Registering application SECURITY-SERVICE with eureka with status UP
2025-03-06T12:11:38.690+05:30  INFO 31772 --- [security-service] [restartedMain] com.netflix.discovery.DiscoveryClient    : Saw local status change event StatusChangeEvent [timestamp=1741243298690, current=UP, previous=STARTING]
2025-03-06T12:11:38.693+05:30  INFO 31772 --- [security-service] [DiscoveryClient-InstanceInfoReplicator-%d] com.netflix.discovery.DiscoveryClient    : DiscoveryClient_SECURITY-SERVICE/LTIN564398.cts.com:security-service:9194: registering service...
2025-03-06T12:11:38.739+05:30  INFO 31772 --- [security-service] [restartedMain] o.s.b.w.embedded.tomcat.TomcatWebServer  : Tomcat started on port 9194 (http) with context path '/'
2025-03-06T12:11:38.741+05:30  INFO 31772 --- [security-service] [restartedMain] .s.c.n.e.s.EurekaAutoServiceRegistration : Updating port to 9194
2025-03-06T12:11:38.760+05:30  INFO 31772 --- [security-service] [restartedMain] com.SpringSecurityLatestApplication      : Started SpringSecurityLatestApplication in 13.365 seconds (process running for 15.82)
2025-03-06T12:11:38.781+05:30  INFO 31772 --- [security-service] [DiscoveryClient-InstanceInfoReplicator-%d] com.netflix.discovery.DiscoveryClient    : DiscoveryClient_SECURITY-SERVICE/LTIN564398.cts.com:security-service:9194 - registration status: 204
2025-03-06T12:12:54.052+05:30  INFO 31772 --- [security-service] [http-nio-9194-exec-1] o.a.c.c.C.[Tomcat].[localhost].[/]       : Initializing Spring DispatcherServlet 'dispatcherServlet'
2025-03-06T12:12:54.053+05:30  INFO 31772 --- [security-service] [http-nio-9194-exec-1] o.s.web.servlet.DispatcherServlet        : Initializing Servlet 'dispatcherServlet'
2025-03-06T12:12:54.055+05:30  INFO 31772 --- [security-service] [http-nio-9194-exec-1] o.s.web.servlet.DispatcherServlet        : Completed initialization in 2 ms
2025-03-06T12:16:38.307+05:30  INFO 31772 --- [security-service] [AsyncResolver-bootstrap-executor-%d] c.n.d.s.r.aws.ConfigClusterResolver      : Resolving eureka endpoints via configuration
2025-03-06T12:21:38.317+05:30  INFO 31772 --- [security-service] [AsyncResolver-bootstrap-executor-%d] c.n.d.s.r.aws.ConfigClusterResolver      : Resolving eureka endpoints via configuration
2025-03-06T12:31:22.913+05:30  WARN 31772 --- [security-service] [HikariPool-1 housekeeper] com.zaxxer.hikari.pool.HikariPool        : HikariPool-1 - Thread starvation or clock leap detected (housekeeper delta=7m47s767ms623µs300ns).
2025-03-06T12:33:56.093+05:30  INFO 31772 --- [security-service] [AsyncResolver-bootstrap-executor-%d] c.n.d.s.r.aws.ConfigClusterResolver      : Resolving eureka endpoints via configuration
2025-03-06T12:38:56.108+05:30  INFO 31772 --- [security-service] [AsyncResolver-bootstrap-executor-%d] c.n.d.s.r.aws.ConfigClusterResolver      : Resolving eureka endpoints via configuration
2025-03-06T12:41:09.290+05:30  WARN 31772 --- [security-service] [http-nio-9194-exec-10] .m.m.a.ExceptionHandlerExceptionResolver : Resolved [org.springframework.security.authentication.BadCredentialsException: Bad credentials]
2025-03-06T12:43:56.111+05:30  INFO 31772 --- [security-service] [AsyncResolver-bootstrap-executor-%d] c.n.d.s.r.aws.ConfigClusterResolver      : Resolving eureka endpoints via configuration
2025-03-06T12:48:56.136+05:30  INFO 31772 --- [security-service] [AsyncResolver-bootstrap-executor-%d] c.n.d.s.r.aws.ConfigClusterResolver      : Resolving eureka endpoints via configuration
2025-03-06T12:53:56.147+05:30  INFO 31772 --- [security-service] [AsyncResolver-bootstrap-executor-%d] c.n.d.s.r.aws.ConfigClusterResolver      : Resolving eureka endpoints via configuration
2025-03-06T12:58:56.236+05:30  INFO 31772 --- [security-service] [AsyncResolver-bootstrap-executor-%d] c.n.d.s.r.aws.ConfigClusterResolver      : Resolving eureka endpoints via configuration
2025-03-06T13:03:56.251+05:30  INFO 31772 --- [security-service] [AsyncResolver-bootstrap-executor-%d] c.n.d.s.r.aws.ConfigClusterResolver      : Resolving eureka endpoints via configuration
2025-03-06T13:08:56.257+05:30  INFO 31772 --- [security-service] [AsyncResolver-bootstrap-executor-%d] c.n.d.s.r.aws.ConfigClusterResolver      : Resolving eureka endpoints via configuration
2025-03-06T13:13:56.273+05:30  INFO 31772 --- [security-service] [AsyncResolver-bootstrap-executor-%d] c.n.d.s.r.aws.ConfigClusterResolver      : Resolving eureka endpoints via configuration
2025-03-06T13:18:56.283+05:30  INFO 31772 --- [security-service] [AsyncResolver-bootstrap-executor-%d] c.n.d.s.r.aws.ConfigClusterResolver      : Resolving eureka endpoints via configuration
2025-03-06T13:23:56.297+05:30  INFO 31772 --- [security-service] [AsyncResolver-bootstrap-executor-%d] c.n.d.s.r.aws.ConfigClusterResolver      : Resolving eureka endpoints via configuration
2025-03-06T13:28:56.307+05:30  INFO 31772 --- [security-service] [AsyncResolver-bootstrap-executor-%d] c.n.d.s.r.aws.ConfigClusterResolver      : Resolving eureka endpoints via configuration
2025-03-06T13:32:58.313+05:30  WARN 31772 --- [security-service] [HikariPool-1 housekeeper] com.zaxxer.hikari.pool.HikariPool        : HikariPool-1 - Thread starvation or clock leap detected (housekeeper delta=1m34s435ms499µs).
2025-03-06T14:21:20.904+05:30  WARN 31772 --- [security-service] [HikariPool-1 housekeeper] com.zaxxer.hikari.pool.HikariPool        : HikariPool-1 - Thread starvation or clock leap detected (housekeeper delta=47m52s578ms743µs200ns).
2025-03-06T14:22:23.307+05:30  INFO 31772 --- [security-service] [AsyncResolver-bootstrap-executor-%d] c.n.d.s.r.aws.ConfigClusterResolver      : Resolving eureka endpoints via configuration
2025-03-06T14:27:23.320+05:30  INFO 31772 --- [security-service] [AsyncResolver-bootstrap-executor-%d] c.n.d.s.r.aws.ConfigClusterResolver      : Resolving eureka endpoints via configuration
2025-03-06T14:32:23.327+05:30  INFO 31772 --- [security-service] [AsyncResolver-bootstrap-executor-%d] c.n.d.s.r.aws.ConfigClusterResolver      : Resolving eureka endpoints via configuration
2025-03-06T14:39:09.721+05:30  WARN 31772 --- [security-service] [HikariPool-1 housekeeper] com.zaxxer.hikari.pool.HikariPool        : HikariPool-1 - Thread starvation or clock leap detected (housekeeper delta=6m18s631ms333µs600ns).
2025-03-06T14:55:56.319+05:30  WARN 31772 --- [security-service] [HikariPool-1 housekeeper] com.zaxxer.hikari.pool.HikariPool        : HikariPool-1 - Thread starvation or clock leap detected (housekeeper delta=14m16s567ms924µs500ns).
2025-03-06T14:56:58.519+05:30  INFO 31772 --- [security-service] [AsyncResolver-bootstrap-executor-%d] c.n.d.s.r.aws.ConfigClusterResolver      : Resolving eureka endpoints via configuration
2025-03-06T15:01:58.534+05:30  INFO 31772 --- [security-service] [AsyncResolver-bootstrap-executor-%d] c.n.d.s.r.aws.ConfigClusterResolver      : Resolving eureka endpoints via configuration
2025-03-06T15:06:58.543+05:30  INFO 31772 --- [security-service] [AsyncResolver-bootstrap-executor-%d] c.n.d.s.r.aws.ConfigClusterResolver      : Resolving eureka endpoints via configuration
2025-03-06T15:10:40.741+05:30  WARN 31772 --- [security-service] [HikariPool-1 housekeeper] com.zaxxer.hikari.pool.HikariPool        : HikariPool-1 - Thread starvation or clock leap detected (housekeeper delta=3m44s238ms693µs400ns).
2025-03-06T15:24:53.546+05:30  WARN 31772 --- [security-service] [HikariPool-1 housekeeper] com.zaxxer.hikari.pool.HikariPool        : HikariPool-1 - Thread starvation or clock leap detected (housekeeper delta=11m12s743ms469µs600ns).
2025-03-06T15:25:55.511+05:30  INFO 31772 --- [security-service] [AsyncResolver-bootstrap-executor-%d] c.n.d.s.r.aws.ConfigClusterResolver      : Resolving eureka endpoints via configuration
2025-03-06T15:53:49.877+05:30  WARN 31772 --- [security-service] [HikariPool-1 housekeeper] com.zaxxer.hikari.pool.HikariPool        : HikariPool-1 - Thread starvation or clock leap detected (housekeeper delta=25m56s286ms558µs800ns).
2025-03-06T15:56:21.791+05:30  INFO 31772 --- [security-service] [AsyncResolver-bootstrap-executor-%d] c.n.d.s.r.aws.ConfigClusterResolver      : Resolving eureka endpoints via configuration
2025-03-06T16:01:21.804+05:30  INFO 31772 --- [security-service] [AsyncResolver-bootstrap-executor-%d] c.n.d.s.r.aws.ConfigClusterResolver      : Resolving eureka endpoints via configuration
2025-03-06T16:06:21.807+05:30  INFO 31772 --- [security-service] [AsyncResolver-bootstrap-executor-%d] c.n.d.s.r.aws.ConfigClusterResolver      : Resolving eureka endpoints via configuration
2025-03-06T16:11:21.811+05:30  INFO 31772 --- [security-service] [AsyncResolver-bootstrap-executor-%d] c.n.d.s.r.aws.ConfigClusterResolver      : Resolving eureka endpoints via configuration
2025-03-06T16:16:21.820+05:30  INFO 31772 --- [security-service] [AsyncResolver-bootstrap-executor-%d] c.n.d.s.r.aws.ConfigClusterResolver      : Resolving eureka endpoints via configuration
2025-03-06T16:21:21.833+05:30  INFO 31772 --- [security-service] [AsyncResolver-bootstrap-executor-%d] c.n.d.s.r.aws.ConfigClusterResolver      : Resolving eureka endpoints via configuration
2025-03-06T16:26:22.204+05:30  INFO 31772 --- [security-service] [AsyncResolver-bootstrap-executor-%d] c.n.d.s.r.aws.ConfigClusterResolver      : Resolving eureka endpoints via configuration
2025-03-06T16:31:22.208+05:30  INFO 31772 --- [security-service] [AsyncResolver-bootstrap-executor-%d] c.n.d.s.r.aws.ConfigClusterResolver      : Resolving eureka endpoints via configuration
