2025-02-27T00:07:02.337+05:30  INFO 31492 --- [timer] [restartedMain] com.cts.timer.TimerApplication           : Starting TimerApplication using Java 21.0.5 with PID 31492 (C:\Project\Chronotimer\timer\target\classes started by 2380232 in C:\Project\Chronotimer\timer)
2025-02-27T00:07:02.351+05:30  INFO 31492 --- [timer] [restartedMain] com.cts.timer.TimerApplication           : No active profile set, falling back to 1 default profile: "default"
2025-02-27T00:07:02.493+05:30  INFO 31492 --- [timer] [restartedMain] o.s.c.c.c.ConfigServerConfigDataLoader   : Fetching config from server at : http://localhost:1233
2025-02-27T00:07:02.493+05:30  INFO 31492 --- [timer] [restartedMain] o.s.c.c.c.ConfigServerConfigDataLoader   : Located environment: name=timer, profiles=[default], label=null, version=7558ee984a19dae9f2cc2a40fa20c4fa3e936e0f, state=
2025-02-27T00:07:02.499+05:30  INFO 31492 --- [timer] [restartedMain] .e.DevToolsPropertyDefaultsPostProcessor : Devtools property defaults active! Set 'spring.devtools.add-properties' to 'false' to disable
2025-02-27T00:07:02.500+05:30  INFO 31492 --- [timer] [restartedMain] .e.DevToolsPropertyDefaultsPostProcessor : For additional web related logging consider setting the 'logging.level.web' property to 'DEBUG'
2025-02-27T00:07:05.163+05:30  INFO 31492 --- [timer] [restartedMain] .s.d.r.c.RepositoryConfigurationDelegate : Bootstrapping Spring Data JPA repositories in DEFAULT mode.
2025-02-27T00:07:05.417+05:30  INFO 31492 --- [timer] [restartedMain] .s.d.r.c.RepositoryConfigurationDelegate : Finished Spring Data repository scanning in 238 ms. Found 2 JPA repository interfaces.
2025-02-27T00:07:05.913+05:30  INFO 31492 --- [timer] [restartedMain] o.s.cloud.context.scope.GenericScope     : BeanFactory id=fb3c66b6-0a03-3a88-849f-72672df61d09
2025-02-27T00:07:06.981+05:30  INFO 31492 --- [timer] [restartedMain] o.s.b.w.embedded.tomcat.TomcatWebServer  : Tomcat initialized with port 8084 (http)
2025-02-27T00:07:07.011+05:30  INFO 31492 --- [timer] [restartedMain] o.apache.catalina.core.StandardService   : Starting service [Tomcat]
2025-02-27T00:07:07.012+05:30  INFO 31492 --- [timer] [restartedMain] o.apache.catalina.core.StandardEngine    : Starting Servlet engine: [Apache Tomcat/10.1.34]
2025-02-27T00:07:07.148+05:30  INFO 31492 --- [timer] [restartedMain] o.a.c.c.C.[Tomcat].[localhost].[/]       : Initializing Spring embedded WebApplicationContext
2025-02-27T00:07:07.149+05:30  INFO 31492 --- [timer] [restartedMain] w.s.c.ServletWebServerApplicationContext : Root WebApplicationContext: initialization completed in 4648 ms
2025-02-27T00:07:07.434+05:30  INFO 31492 --- [timer] [restartedMain] o.hibernate.jpa.internal.util.LogHelper  : HHH000204: Processing PersistenceUnitInfo [name: default]
2025-02-27T00:07:07.549+05:30  INFO 31492 --- [timer] [restartedMain] org.hibernate.Version                    : HHH000412: Hibernate ORM core version 6.6.5.Final
2025-02-27T00:07:07.616+05:30  INFO 31492 --- [timer] [restartedMain] o.h.c.internal.RegionFactoryInitiator    : HHH000026: Second-level cache disabled
2025-02-27T00:07:08.057+05:30  INFO 31492 --- [timer] [restartedMain] o.s.o.j.p.SpringPersistenceUnitInfo      : No LoadTimeWeaver setup: ignoring JPA class transformer
2025-02-27T00:07:08.106+05:30  INFO 31492 --- [timer] [restartedMain] com.zaxxer.hikari.HikariDataSource       : HikariPool-1 - Starting...
2025-02-27T00:07:08.615+05:30  INFO 31492 --- [timer] [restartedMain] com.zaxxer.hikari.pool.HikariPool        : HikariPool-1 - Added connection com.mysql.cj.jdbc.ConnectionImpl@21b99402
2025-02-27T00:07:08.617+05:30  INFO 31492 --- [timer] [restartedMain] com.zaxxer.hikari.HikariDataSource       : HikariPool-1 - Start completed.
2025-02-27T00:07:08.776+05:30  INFO 31492 --- [timer] [restartedMain] org.hibernate.orm.connections.pooling    : HHH10001005: Database info:
	Database JDBC URL [Connecting through datasource 'HikariDataSource (HikariPool-1)']
	Database driver: undefined/unknown
	Database version: 8.0.40
	Autocommit mode: undefined/unknown
	Isolation level: undefined/unknown
	Minimum pool size: undefined/unknown
	Maximum pool size: undefined/unknown
2025-02-27T00:07:10.352+05:30  INFO 31492 --- [timer] [restartedMain] o.h.e.t.j.p.i.JtaPlatformInitiator       : HHH000489: No JTA platform available (set 'hibernate.transaction.jta.platform' to enable JTA platform integration)
2025-02-27T00:07:10.419+05:30  INFO 31492 --- [timer] [restartedMain] j.LocalContainerEntityManagerFactoryBean : Initialized JPA EntityManagerFactory for persistence unit 'default'
2025-02-27T00:07:10.775+05:30  INFO 31492 --- [timer] [restartedMain] o.s.d.j.r.query.QueryEnhancerFactory     : Hibernate is in classpath; If applicable, HQL parser will be used.
2025-02-27T00:07:11.734+05:30  WARN 31492 --- [timer] [restartedMain] JpaBaseConfiguration$JpaWebConfiguration : spring.jpa.open-in-view is enabled by default. Therefore, database queries may be performed during view rendering. Explicitly configure spring.jpa.open-in-view to disable this warning
2025-02-27T00:07:11.779+05:30  WARN 31492 --- [timer] [restartedMain] o.s.b.d.a.OptionalLiveReloadServer       : Unable to start LiveReload server
2025-02-27T00:07:11.895+05:30  INFO 31492 --- [timer] [restartedMain] o.s.c.openfeign.FeignClientFactoryBean   : For 'REMARKS' URL not provided. Will try picking an instance via load-balancing.
2025-02-27T00:07:12.618+05:30  INFO 31492 --- [timer] [restartedMain] DiscoveryClientOptionalArgsConfiguration : Eureka HTTP Client uses RestTemplate.
2025-02-27T00:07:12.685+05:30  WARN 31492 --- [timer] [restartedMain] iguration$LoadBalancerCaffeineWarnLogger : Spring Cloud LoadBalancer is currently working with the default cache. While this cache implementation is useful for development and tests, it's recommended to use Caffeine cache in production.You can switch to using Caffeine cache, by adding it and org.springframework.cache.caffeine.CaffeineCacheManager to the classpath.
2025-02-27T00:07:12.747+05:30  INFO 31492 --- [timer] [restartedMain] o.s.c.n.eureka.InstanceInfoFactory       : Setting initial instance status as: STARTING
2025-02-27T00:07:12.777+05:30  INFO 31492 --- [timer] [restartedMain] com.netflix.discovery.DiscoveryClient    : Initializing Eureka in region us-east-1
2025-02-27T00:07:12.781+05:30  INFO 31492 --- [timer] [restartedMain] c.n.d.s.r.aws.ConfigClusterResolver      : Resolving eureka endpoints via configuration
2025-02-27T00:07:12.792+05:30  INFO 31492 --- [timer] [restartedMain] com.netflix.discovery.DiscoveryClient    : Disable delta property : false
2025-02-27T00:07:12.792+05:30  INFO 31492 --- [timer] [restartedMain] com.netflix.discovery.DiscoveryClient    : Single vip registry refresh property : null
2025-02-27T00:07:12.792+05:30  INFO 31492 --- [timer] [restartedMain] com.netflix.discovery.DiscoveryClient    : Force full registry fetch : false
2025-02-27T00:07:12.793+05:30  INFO 31492 --- [timer] [restartedMain] com.netflix.discovery.DiscoveryClient    : Application is null : false
2025-02-27T00:07:12.793+05:30  INFO 31492 --- [timer] [restartedMain] com.netflix.discovery.DiscoveryClient    : Registered Applications size is zero : true
2025-02-27T00:07:12.793+05:30  INFO 31492 --- [timer] [restartedMain] com.netflix.discovery.DiscoveryClient    : Application version is -1: true
2025-02-27T00:07:12.793+05:30  INFO 31492 --- [timer] [restartedMain] com.netflix.discovery.DiscoveryClient    : Getting all instance registry info from the eureka server
2025-02-27T00:07:13.081+05:30  INFO 31492 --- [timer] [restartedMain] com.netflix.discovery.DiscoveryClient    : The response status is 200
2025-02-27T00:07:13.083+05:30  INFO 31492 --- [timer] [restartedMain] com.netflix.discovery.DiscoveryClient    : Starting heartbeat executor: renew interval is: 30
2025-02-27T00:07:13.086+05:30  INFO 31492 --- [timer] [restartedMain] c.n.discovery.InstanceInfoReplicator     : InstanceInfoReplicator onDemand update allowed rate per min is 4
2025-02-27T00:07:13.087+05:30  INFO 31492 --- [timer] [restartedMain] com.netflix.discovery.DiscoveryClient    : Discovery Client initialized at timestamp 1740595033087 with initial instances count: 3
2025-02-27T00:07:13.092+05:30  INFO 31492 --- [timer] [restartedMain] o.s.c.n.e.s.EurekaServiceRegistry        : Registering application TIMER with eureka with status UP
2025-02-27T00:07:13.093+05:30  INFO 31492 --- [timer] [restartedMain] com.netflix.discovery.DiscoveryClient    : Saw local status change event StatusChangeEvent [timestamp=1740595033093, current=UP, previous=STARTING]
2025-02-27T00:07:13.095+05:30  INFO 31492 --- [timer] [DiscoveryClient-InstanceInfoReplicator-%d] com.netflix.discovery.DiscoveryClient    : DiscoveryClient_TIMER/LTIN564398.cts.com:timer:8084: registering service...
2025-02-27T00:07:13.120+05:30  INFO 31492 --- [timer] [restartedMain] o.s.b.w.embedded.tomcat.TomcatWebServer  : Tomcat started on port 8084 (http) with context path '/'
2025-02-27T00:07:13.122+05:30  INFO 31492 --- [timer] [restartedMain] .s.c.n.e.s.EurekaAutoServiceRegistration : Updating port to 8084
2025-02-27T00:07:13.142+05:30  INFO 31492 --- [timer] [restartedMain] com.cts.timer.TimerApplication           : Started TimerApplication in 13.448 seconds (process running for 15.581)
2025-02-27T00:07:13.160+05:30  INFO 31492 --- [timer] [DiscoveryClient-InstanceInfoReplicator-%d] com.netflix.discovery.DiscoveryClient    : DiscoveryClient_TIMER/LTIN564398.cts.com:timer:8084 - registration status: 204
2025-02-27T00:13:50.796+05:30  WARN 31492 --- [timer] [HikariPool-1 housekeeper] com.zaxxer.hikari.pool.HikariPool        : HikariPool-1 - Thread starvation or clock leap detected (housekeeper delta=4m12s34ms126µs900ns).
2025-02-27T00:15:54.819+05:30  INFO 31492 --- [timer] [AsyncResolver-bootstrap-executor-%d] c.n.d.s.r.aws.ConfigClusterResolver      : Resolving eureka endpoints via configuration
2025-02-27T00:20:54.828+05:30  INFO 31492 --- [timer] [AsyncResolver-bootstrap-executor-%d] c.n.d.s.r.aws.ConfigClusterResolver      : Resolving eureka endpoints via configuration
